0 info it worked if it ends with ok
1 verbose cli [ '/usr/local/bin/node', '/usr/local/bin/npm', 'publish' ]
2 info using npm@2.15.5
3 info using node@v7.6.0
4 verbose publish [ '.' ]
5 silly cache add args [ '.', null ]
6 verbose cache add spec .
7 silly cache add parsed spec Result {
7 silly cache add   raw: '.',
7 silly cache add   scope: null,
7 silly cache add   name: null,
7 silly cache add   rawSpec: '.',
7 silly cache add   spec: '/Users/wangsiyuan/Works/FrontEnd/Github/react-generator-cli',
7 silly cache add   type: 'directory' }
8 verbose addLocalDirectory /Users/wangsiyuan/.npm/react-generator-cli/1.0.1/package.tgz not in flight; packing
9 verbose correctMkdir /Users/wangsiyuan/.npm correctMkdir not in flight; initializing
10 verbose tar pack [ '/Users/wangsiyuan/.npm/react-generator-cli/1.0.1/package.tgz',
10 verbose tar pack   '/Users/wangsiyuan/Works/FrontEnd/Github/react-generator-cli' ]
11 verbose tarball /Users/wangsiyuan/.npm/react-generator-cli/1.0.1/package.tgz
12 verbose folder /Users/wangsiyuan/Works/FrontEnd/Github/react-generator-cli
13 info prepublish react-generator-cli@1.0.1
14 verbose addLocalTarball adding from inside cache /Users/wangsiyuan/.npm/react-generator-cli/1.0.1/package.tgz
15 verbose correctMkdir /Users/wangsiyuan/.npm correctMkdir not in flight; initializing
16 silly cache afterAdd react-generator-cli@1.0.1
17 verbose afterAdd /Users/wangsiyuan/.npm/react-generator-cli/1.0.1/package/package.json not in flight; writing
18 verbose correctMkdir /Users/wangsiyuan/.npm correctMkdir not in flight; initializing
19 verbose afterAdd /Users/wangsiyuan/.npm/react-generator-cli/1.0.1/package/package.json written
20 silly publish { name: 'react-generator-cli',
20 silly publish   version: '1.0.1',
20 silly publish   description: 'generator cli for demo, run this cli for generating document & files for react',
20 silly publish   main: './bin/index.js',
20 silly publish   scripts:
20 silly publish    { test: 'echo "Error: no test specified" && exit 1',
20 silly publish      start: 'node ./bin/rgc-init.js' },
20 silly publish   keywords: [ 'react', 'cli' ],
20 silly publish   repository:
20 silly publish    { type: 'github',
20 silly publish      url: 'git+https://github.com/wangsiyuan0215/react-generator-cli.git' },
20 silly publish   bugs: { url: 'https://github.com/wangsiyuan0215/react-generator-cli/issues' },
20 silly publish   homepage: 'https://github.com/wangsiyuan0215/react-generator-cli',
20 silly publish   author: { name: 'wangsiyuan0215' },
20 silly publish   license: 'MIT',
20 silly publish   devDependencies: {},
20 silly publish   dependencies:
20 silly publish    { chalk: '^1.1.3',
20 silly publish      commander: '^2.9.0',
20 silly publish      'download-git-repo': '^0.2.1' },
20 silly publish   files: [ 'lib', 'bin' ],
20 silly publish   bin: { 'rgc-init': './bin/rgc-init.js' },
20 silly publish   readme: '# React Generator Cli\n\n## Installation\n\n### Npm\n```\nnpm install react-generator-cli -g\n```\n\n### Yarn\n\n```\nyarn global add react-generator-cli\n```\n\n## Usage\n\nJust for generating a stage for react project, you can use following:\n\n```\nrgc-init <projectName>\n```\n\nAnd you can type following commands:\n\n\n### Npm\n\n```\ncd <projectName> && npm install\n```\n\n### Yarn\n\n```\ncd <projectName> && yarn install\n```',
20 silly publish   readmeFilename: 'README.md',
20 silly publish   gitHead: '837b6c665176b897c9ba0f67d5ab67c79e2871fe',
20 silly publish   _id: 'react-generator-cli@1.0.1',
20 silly publish   _shasum: '949beb1606cb4e00c2f627310feefb3a591f4128',
20 silly publish   _from: '.' }
21 verbose getPublishConfig undefined
22 silly mapToRegistry name react-generator-cli
23 silly mapToRegistry using default registry
24 silly mapToRegistry registry https://registry.npmjs.org/
25 silly mapToRegistry data Result {
25 silly mapToRegistry   raw: 'react-generator-cli',
25 silly mapToRegistry   scope: null,
25 silly mapToRegistry   name: 'react-generator-cli',
25 silly mapToRegistry   rawSpec: '',
25 silly mapToRegistry   spec: 'latest',
25 silly mapToRegistry   type: 'tag' }
26 silly mapToRegistry uri https://registry.npmjs.org/react-generator-cli
27 verbose publish registryBase https://registry.npmjs.org/
28 silly publish uploading /Users/wangsiyuan/.npm/react-generator-cli/1.0.1/package.tgz
29 verbose request uri https://registry.npmjs.org/react-generator-cli
30 verbose request sending authorization for write operation
31 info attempt registry request try #1 at 11:32:23 PM
32 verbose request using bearer token for auth
33 verbose request id f52482524f5944af
34 http request PUT https://registry.npmjs.org/react-generator-cli
35 http 403 https://registry.npmjs.org/react-generator-cli
36 verbose headers { 'content-type': 'application/json',
36 verbose headers   'cache-control': 'max-age=300',
36 verbose headers   'content-length': '113',
36 verbose headers   'accept-ranges': 'bytes',
36 verbose headers   date: 'Tue, 28 Mar 2017 15:32:28 GMT',
36 verbose headers   via: '1.1 varnish',
36 verbose headers   connection: 'keep-alive',
36 verbose headers   'x-served-by': 'cache-itm7423-ITM',
36 verbose headers   'x-cache': 'MISS',
36 verbose headers   'x-cache-hits': '0',
36 verbose headers   'x-timer': 'S1490715148.446399,VS0,VE506',
36 verbose headers   vary: 'Accept-Encoding' }
37 verbose request invalidating /Users/wangsiyuan/.npm/registry.npmjs.org/react-generator-cli on PUT
38 error publish Failed PUT 403
39 verbose stack Error: you do not have permission to publish "react-generator-cli". Are you logged in as the correct user? : react-generator-cli
39 verbose stack     at makeError (/usr/local/lib/node_modules/npm/node_modules/npm-registry-client/lib/request.js:264:12)
39 verbose stack     at CachingRegistryClient.<anonymous> (/usr/local/lib/node_modules/npm/node_modules/npm-registry-client/lib/request.js:252:14)
39 verbose stack     at Request._callback (/usr/local/lib/node_modules/npm/node_modules/npm-registry-client/lib/request.js:172:14)
39 verbose stack     at Request.self.callback (/usr/local/lib/node_modules/npm/node_modules/request/request.js:200:22)
39 verbose stack     at emitTwo (events.js:106:13)
39 verbose stack     at Request.emit (events.js:192:7)
39 verbose stack     at Request.<anonymous> (/usr/local/lib/node_modules/npm/node_modules/request/request.js:1067:10)
39 verbose stack     at emitOne (events.js:101:20)
39 verbose stack     at Request.emit (events.js:189:7)
39 verbose stack     at IncomingMessage.<anonymous> (/usr/local/lib/node_modules/npm/node_modules/request/request.js:988:12)
40 verbose statusCode 403
41 verbose pkgid react-generator-cli
42 verbose cwd /Users/wangsiyuan/Works/FrontEnd/Github/react-generator-cli
43 error Darwin 15.6.0
44 error argv "/usr/local/bin/node" "/usr/local/bin/npm" "publish"
45 error node v7.6.0
46 error npm  v2.15.5
47 error code E403
48 error you do not have permission to publish "react-generator-cli". Are you logged in as the correct user? : react-generator-cli
49 error If you need help, you may report this error at:
49 error     <https://github.com/npm/npm/issues>
50 verbose exit [ 1, true ]
